This file contains any messages produced by compilers while
running configure, to aid debugging if configure makes a mistake.

It was created by aria configure 1.0.0, which was
generated by GNU Autoconf 2.54.  Invocation command line was

  $ ./configure 

## --------- ##
## Platform. ##
## --------- ##

hostname = asusrod
uname -m = x86_64
uname -r = 3.2.12-gentoo
uname -s = Linux
uname -v = #3 SMP Fri May 11 21:05:45 CEST 2012

/usr/bin/uname -p = Intel(R) Core(TM) i5-2450M CPU @ 2.50GHz
/bin/uname -X     = unknown

/bin/arch              = unknown
/usr/bin/arch -k       = unknown
/usr/convex/getsysinfo = unknown
hostinfo               = unknown
/bin/machine           = unknown
/usr/bin/oslevel       = unknown
/bin/universe          = unknown

PATH: /usr/local/bin
PATH: /usr/bin
PATH: /bin
PATH: /opt/bin
PATH: /usr/x86_64-pc-linux-gnu/gcc-bin/4.5.3
PATH: /sbin
PATH: /usr/sbin
PATH: /home/rodrigo/.config/bin
PATH: /sbin
PATH: /usr/sbin
PATH: /home/rodrigo/.config/bin


## ----------- ##
## Core tests. ##
## ----------- ##

configure:1341: checking for a BSD-compatible install
configure:1395: result: /usr/bin/install -c
configure:1406: checking whether build environment is sane
configure:1449: result: yes
configure:1451: checking whether make sets ${MAKE}
configure:1471: result: yes
configure:1503: checking for working aclocal
configure:1514: result: missing
configure:1518: checking for working autoconf
configure:1525: result: found
configure:1533: checking for working automake
configure:1544: result: missing
configure:1548: checking for working autoheader
configure:1555: result: found
configure:1563: checking for working makeinfo
configure:1570: result: found
configure:1599: checking build system type
configure:1612: error: /bin/sh ./config.sub x86_64-unknown-linux-gnu failed

## ---------------- ##
## Cache variables. ##
## ---------------- ##

ac_cv_build=
ac_cv_build_alias=x86_64-unknown-linux-gnu
ac_cv_env_CC_set=
ac_cv_env_CC_value=
ac_cv_env_CFLAGS_set=
ac_cv_env_CFLAGS_value=
ac_cv_env_CPPFLAGS_set=
ac_cv_env_CPPFLAGS_value=
ac_cv_env_CPP_set=
ac_cv_env_CPP_value=
ac_cv_env_CXXCPP_set=
ac_cv_env_CXXCPP_value=
ac_cv_env_CXXFLAGS_set=
ac_cv_env_CXXFLAGS_value=
ac_cv_env_CXX_set=
ac_cv_env_CXX_value=
ac_cv_env_LDFLAGS_set=
ac_cv_env_LDFLAGS_value=
ac_cv_env_build_alias_set=
ac_cv_env_build_alias_value=
ac_cv_env_host_alias_set=
ac_cv_env_host_alias_value=
ac_cv_env_target_alias_set=
ac_cv_env_target_alias_value=
ac_cv_path_install='/usr/bin/install -c'
ac_cv_prog_make_make_set=yes

## ----------------- ##
## Output variables. ##
## ----------------- ##

ACLOCAL='/tmp/aria-1.0.0/missing aclocal'
ALLOCA=''
AUTOCONF='autoconf'
AUTOHEADER='autoheader'
AUTOMAKE='/tmp/aria-1.0.0/missing automake'
CATALOGS=''
CATOBJEXT=''
CC=''
CFLAGS=''
CPP=''
CPPFLAGS=''
CXX=''
CXXCPP=''
CXXFLAGS=''
DATADIRNAME=''
DEFS=''
ECHO_C=''
ECHO_N='-n'
ECHO_T=''
EGREP=''
EXEEXT=''
GENCAT=''
GLIB_CFLAGS=''
GLIB_CONFIG=''
GLIB_LIBS=''
GMOFILES=''
GMSGFMT=''
GTK_CFLAGS=''
GTK_CONFIG=''
GTK_LIBS=''
GT_NO=''
GT_YES=''
INCLUDE_LOCALE_H=''
INSTALL_DATA='${INSTALL} -m 644'
INSTALL_PROGRAM='${INSTALL}'
INSTALL_SCRIPT='${INSTALL}'
INSTOBJEXT=''
INTLDEPS=''
INTLLIBS=''
INTLOBJS=''
LDFLAGS=''
LIBOBJS=''
LIBS=''
LTLIBOBJS=''
MAINT=''
MAINTAINER_MODE_FALSE=''
MAINTAINER_MODE_TRUE=''
MAKEINFO='makeinfo'
MKINSTALLDIRS=''
MSGFMT=''
OBJEXT=''
PACKAGE='aria'
PACKAGE_BUGREPORT='tujikawa@rednoah.com'
PACKAGE_NAME='aria'
PACKAGE_STRING='aria 1.0.0'
PACKAGE_TARNAME='aria'
PACKAGE_VERSION='1.0.0'
PATH_SEPARATOR=':'
POFILES=''
POSUB=''
POW_LIB=''
PTHREAD_LIBS=''
RANLIB=''
SET_MAKE=''
SHELL='/bin/sh'
USE_INCLUDED_LIBINTL=''
USE_NLS=''
VERSION='1.0.0'
XGETTEXT=''
ac_ct_CC=''
ac_ct_CXX=''
ac_ct_RANLIB=''
bindir='${exec_prefix}/bin'
build=''
build_alias=''
build_cpu=''
build_os=''
build_vendor=''
datadir='${prefix}/share'
exec_prefix='NONE'
host=''
host_alias=''
host_cpu=''
host_os=''
host_vendor=''
includedir='${prefix}/include'
infodir='${prefix}/info'
l=''
libdir='${exec_prefix}/lib'
libexecdir='${exec_prefix}/libexec'
localedir=''
localstatedir='${prefix}/var'
mandir='${prefix}/man'
oldincludedir='/usr/include'
prefix='NONE'
program_transform_name='s,x,x,'
sbindir='${exec_prefix}/sbin'
sharedstatedir='${prefix}/com'
sysconfdir='${prefix}/etc'
target_alias=''

## ----------- ##
## confdefs.h. ##
## ----------- ##

#define ARIA_VERSION "Aria - version 1.0.0"
#define DATE_ROLLOUT "16 Dec 2002"
#define PACKAGE "aria"
#define PACKAGE_BUGREPORT "tujikawa@rednoah.com"
#define PACKAGE_NAME "aria"
#define PACKAGE_STRING "aria 1.0.0"
#define PACKAGE_TARNAME "aria"
#define PACKAGE_VERSION "1.0.0"
#define VERSION "1.0.0"

configure: exit 1
